SF:lib/src/sections/platforms/android_settings_section.dart
DA:6,1
DA:11,1
DA:17,1
DA:19,1
DA:22,1
DA:23,1
DA:24,2
DA:25,1
DA:27,1
DA:31,0
DA:33,0
DA:34,0
DA:35,0
DA:36,0
DA:37,0
DA:41,0
DA:42,0
DA:43,0
DA:45,0
DA:48,0
DA:49,0
DA:56,1
DA:57,1
DA:59,2
DA:61,1
DA:62,1
DA:63,2
LF:27
LH:15
end_of_record
SF:lib/src/sections/platforms/ios_settings_section.dart
DA:6,1
DA:11,1
DA:17,1
DA:19,1
DA:20,3
DA:21,3
DA:22,2
DA:24,1
DA:25,1
DA:26,1
DA:27,1
DA:28,2
DA:32,1
DA:34,1
DA:35,1
DA:36,0
DA:37,0
DA:39,0
DA:41,0
DA:42,0
DA:43,0
DA:46,0
DA:49,1
DA:55,1
DA:56,1
DA:58,2
DA:60,1
DA:61,1
DA:62,2
DA:66,1
DA:67,0
DA:68,0
DA:69,0
DA:75,4
DA:76,0
DA:77,0
DA:78,0
DA:82,1
DA:85,4
LF:39
LH:26
end_of_record
SF:lib/src/sections/platforms/web_settings_section.dart
DA:5,1
DA:10,1
DA:16,1
DA:18,1
DA:21,1
DA:22,1
DA:23,2
DA:25,1
DA:26,1
DA:27,1
DA:29,1
DA:30,1
DA:31,0
DA:32,0
DA:33,0
DA:34,0
DA:36,0
DA:38,0
DA:39,0
DA:40,0
DA:43,0
DA:46,1
DA:48,2
DA:50,2
DA:51,1
DA:58,1
DA:59,1
DA:61,2
DA:63,1
DA:64,1
DA:65,2
DA:67,0
DA:68,0
LF:33
LH:22
end_of_record
SF:lib/src/tiles/platforms/android_settings_tile.dart
DA:5,1
DA:18,1
DA:32,1
DA:34,1
DA:35,2
DA:37,2
DA:38,1
DA:39,1
DA:41,1
DA:42,1
DA:43,1
DA:45,1
DA:48,1
DA:49,2
DA:50,0
DA:52,2
DA:55,2
DA:56,1
DA:57,1
DA:58,1
DA:59,1
DA:60,1
DA:62,1
DA:63,2
DA:64,1
DA:65,2
DA:66,0
DA:68,1
DA:71,1
DA:72,1
DA:73,1
DA:76,1
DA:77,1
DA:79,1
DA:81,1
DA:82,1
DA:83,1
DA:84,1
DA:85,2
DA:86,0
DA:90,1
DA:92,1
DA:93,0
DA:94,0
DA:95,0
DA:96,0
DA:97,0
DA:98,0
DA:99,0
DA:101,0
DA:104,1
DA:105,1
DA:106,1
DA:107,1
DA:108,1
DA:109,1
DA:110,2
DA:111,0
DA:113,1
DA:120,1
DA:121,0
DA:122,0
DA:123,0
DA:124,0
DA:126,0
DA:127,0
DA:128,0
DA:129,0
DA:130,0
DA:131,0
DA:136,2
DA:137,1
DA:140,1
DA:141,1
DA:142,1
DA:143,1
DA:144,1
DA:145,0
DA:148,1
DA:149,0
DA:151,0
LF:81
LH:56
end_of_record
SF:lib/src/tiles/platforms/ios_settings_tile.dart
DA:6,1
DA:19,1
DA:33,1
DA:34,1
DA:40,1
DA:42,1
DA:43,1
DA:45,1
DA:46,2
DA:47,1
DA:48,1
DA:49,1
DA:54,2
DA:55,1
DA:65,1
DA:70,1
DA:71,1
DA:72,1
DA:73,1
DA:79,1
DA:80,1
DA:81,1
DA:82,1
DA:84,1
DA:85,1
DA:92,1
DA:97,2
DA:99,1
DA:100,3
DA:101,1
DA:104,1
DA:105,2
DA:107,1
DA:108,2
DA:110,1
DA:111,1
DA:112,2
DA:115,2
DA:120,1
DA:124,2
DA:126,1
DA:127,1
DA:128,2
DA:129,3
DA:130,1
DA:131,2
DA:132,2
DA:133,2
DA:134,2
DA:135,0
DA:137,3
DA:138,2
DA:139,1
DA:140,1
DA:141,2
DA:142,2
DA:143,0
DA:146,2
DA:148,3
DA:149,1
DA:151,1
DA:152,1
DA:153,3
DA:154,1
DA:156,1
DA:164,1
DA:165,1
DA:166,2
DA:167,1
DA:172,1
DA:177,2
DA:179,1
DA:181,2
DA:183,1
DA:184,1
DA:186,3
DA:188,1
DA:189,1
DA:190,2
DA:193,1
DA:194,3
DA:195,1
DA:196,3
DA:197,0
DA:198,0
DA:199,1
DA:200,1
DA:201,0
DA:202,2
DA:203,1
DA:204,1
DA:205,1
DA:206,2
DA:207,0
DA:209,0
DA:210,0
DA:211,0
DA:212,0
DA:213,0
DA:215,0
DA:218,1
DA:219,1
DA:222,1
DA:223,1
DA:225,1
DA:226,1
DA:227,1
DA:228,1
DA:229,1
DA:230,1
DA:231,1
DA:233,1
DA:234,1
DA:235,2
DA:236,2
DA:237,0
DA:240,2
DA:244,1
DA:248,2
DA:249,1
DA:250,0
DA:253,0
DA:270,1
DA:275,1
DA:277,0
DA:280,1
DA:282,1
DA:285,0
DA:289,0
LF:129
LH:111
end_of_record
SF:lib/src/tiles/platforms/web_settings_tile.dart
DA:6,1
DA:19,1
DA:33,1
DA:35,1
DA:36,2
DA:38,2
DA:39,1
DA:40,1
DA:42,1
DA:43,1
DA:44,1
DA:46,1
DA:49,1
DA:50,2
DA:51,0
DA:53,2
DA:56,2
DA:57,1
DA:58,1
DA:59,1
DA:60,1
DA:61,1
DA:65,1
DA:66,2
DA:67,2
DA:69,1
DA:72,1
DA:73,1
DA:74,1
DA:77,1
DA:78,1
DA:80,1
DA:82,1
DA:83,1
DA:84,1
DA:85,2
DA:89,1
DA:91,1
DA:92,0
DA:93,0
DA:94,0
DA:95,0
DA:96,0
DA:98,0
DA:101,1
DA:102,1
DA:103,1
DA:104,1
DA:105,1
DA:106,2
DA:108,1
DA:128,1
DA:129,0
DA:130,0
DA:131,0
DA:132,0
DA:134,0
DA:135,0
DA:136,0
DA:137,0
DA:138,0
DA:143,2
DA:144,1
DA:147,1
DA:148,1
DA:149,1
DA:150,1
DA:151,1
DA:154,1
DA:155,0
DA:157,0
LF:71
LH:53
end_of_record
SF:lib/src/list/settings_list.dart
DA:21,1
DA:32,1
DA:44,1
DA:47,3
DA:48,0
DA:50,1
DA:53,1
DA:55,1
DA:59,3
DA:61,1
DA:62,1
DA:63,3
DA:65,1
DA:68,1
DA:69,1
DA:70,1
DA:71,2
DA:72,2
DA:73,1
DA:74,2
DA:81,1
DA:83,4
DA:84,0
DA:86,0
DA:87,0
DA:88,0
DA:89,0
DA:90,0
DA:91,0
DA:92,0
DA:93,0
DA:94,0
DA:95,0
DA:96,0
DA:101,0
DA:107,1
DA:108,1
DA:109,1
DA:110,1
DA:111,1
DA:112,1
DA:113,1
DA:114,1
DA:115,1
DA:116,0
DA:117,0
DA:124,1
DA:125,2
DA:126,2
DA:127,0
DA:129,1
DA:130,1
DA:132,0
DA:134,0
DA:135,0
LF:55
LH:35
end_of_record
SF:lib/src/sections/custom_settings_section.dart
DA:5,0
DA:8,0
DA:12,0
DA:14,0
LF:4
LH:0
end_of_record
SF:lib/src/sections/settings_section.dart
DA:11,1
DA:16,1
DA:22,1
DA:24,1
DA:26,1
DA:27,1
DA:28,1
DA:29,1
DA:30,1
DA:31,1
DA:32,1
DA:33,1
DA:35,1
DA:36,1
DA:37,1
DA:38,1
DA:39,1
DA:40,1
DA:41,1
DA:43,1
DA:44,1
DA:45,1
DA:46,1
DA:47,1
DA:49,0
DA:50,0
LF:26
LH:24
end_of_record
SF:lib/src/sections/abstract_settings_section.dart
DA:4,2
LF:1
LH:1
end_of_record
SF:lib/src/tiles/custom_settings_tile.dart
DA:5,0
DA:8,0
DA:12,0
DA:14,0
LF:4
LH:0
end_of_record
SF:lib/src/tiles/abstract_settings_tile.dart
DA:4,2
LF:1
LH:1
end_of_record
SF:lib/src/tiles/settings_tile.dart
DA:12,1
DA:21,1
DA:22,1
DA:23,1
DA:24,1
DA:25,1
DA:28,1
DA:37,1
DA:38,1
DA:39,1
DA:40,1
DA:41,1
DA:44,1
DA:55,1
DA:56,1
DA:57,1
DA:82,1
DA:84,1
DA:86,1
DA:87,1
DA:88,1
DA:89,1
DA:90,1
DA:91,1
DA:92,1
DA:93,1
DA:94,1
DA:95,1
DA:96,1
DA:97,1
DA:98,1
DA:99,1
DA:100,1
DA:101,1
DA:103,1
DA:104,1
DA:105,1
DA:106,1
DA:107,1
DA:108,1
DA:109,1
DA:110,1
DA:111,1
DA:112,1
DA:113,1
DA:114,1
DA:115,1
DA:116,1
DA:117,1
DA:119,1
DA:120,1
DA:121,1
DA:122,1
DA:123,1
DA:124,1
DA:125,1
DA:126,1
DA:127,1
DA:128,1
DA:129,1
DA:130,1
DA:131,1
DA:133,0
DA:134,0
LF:64
LH:62
end_of_record
SF:lib/src/utils/platform_utils.dart
DA:31,1
DA:34,2
DA:37,1
DA:39,0
DA:41,0
DA:43,0
DA:45,0
DA:47,0
LF:8
LH:3
end_of_record
SF:lib/src/utils/settings_theme.dart
DA:8,1
DA:12,1
DA:14,0
DA:17,1
DA:19,1
DA:25,1
DA:51,1
DA:56,0
DA:57,0
DA:58,0
DA:59,0
DA:60,0
DA:61,0
DA:62,0
DA:63,0
DA:64,0
DA:65,0
DA:66,0
DA:67,0
DA:71,0
DA:84,0
DA:86,0
DA:87,0
DA:88,0
DA:90,0
DA:91,0
DA:93,0
DA:94,0
DA:95,0
DA:96,0
DA:98,0
DA:100,0
LF:32
LH:6
end_of_record
SF:lib/src/utils/theme_provider.dart
DA:6,1
DA:12,1
DA:13,1
DA:14,1
DA:15,1
DA:16,1
DA:17,1
DA:18,1
DA:19,1
DA:20,1
DA:21,1
DA:22,0
DA:23,0
DA:30,1
DA:34,1
DA:35,1
DA:37,1
DA:38,1
DA:40,1
DA:41,1
DA:43,1
DA:44,1
DA:46,1
DA:47,1
DA:49,1
DA:50,1
DA:52,1
DA:53,1
DA:55,1
DA:56,1
DA:58,1
DA:84,1
DA:96,1
DA:100,1
DA:104,1
DA:106,1
DA:109,1
DA:110,1
DA:112,1
DA:113,1
DA:115,1
DA:116,1
DA:124,1
DA:149,1
DA:163,1
DA:167,1
DA:168,1
DA:170,1
DA:172,1
DA:176,1
DA:178,1
DA:180,1
DA:182,1
DA:183,1
DA:185,1
DA:187,1
DA:189,1
DA:190,1
DA:192,1
DA:215,1
LF:60
LH:58
end_of_record
